i:\university\summer2020\comp371\project\computergraphics\build\debug\vc141.pdb
i:\university\summer2020\comp371\project\computergraphics\build\debug\vc141.idb
i:\university\summer2020\comp371\project\computergraphics\build\debug\main.obj
i:\university\summer2020\comp371\project\computergraphics\build\debug\grids.obj
i:\university\summer2020\comp371\project\computergraphics\build\debug\cube.obj
i:\university\summer2020\comp371\project\computergraphics\build\debug\assignment2.obj
i:\university\summer2020\comp371\project\computergraphics\build\debug\shaderloader.obj
i:\university\summer2020\comp371\project\computergraphics\build\debug\mesh.obj
i:\university\summer2020\comp371\project\computergraphics\build\debug\camera.obj
i:\university\summer2020\comp371\project\computergraphics\project\/../bin/labs-debug.pdb
i:\university\summer2020\comp371\project\computergraphics\build\debug\labs.tlog\cl.command.1.tlog
i:\university\summer2020\comp371\project\computergraphics\build\debug\labs.tlog\cl.read.1.tlog
i:\university\summer2020\comp371\project\computergraphics\build\debug\labs.tlog\cl.write.1.tlog
i:\university\summer2020\comp371\project\computergraphics\build\debug\labs.tlog\link-cvtres.read.1.tlog
i:\university\summer2020\comp371\project\computergraphics\build\debug\labs.tlog\link-cvtres.write.1.tlog
i:\university\summer2020\comp371\project\computergraphics\build\debug\labs.tlog\link-rc.read.1.tlog
i:\university\summer2020\comp371\project\computergraphics\build\debug\labs.tlog\link-rc.write.1.tlog
i:\university\summer2020\comp371\project\computergraphics\build\debug\labs.tlog\link.command.1.tlog
i:\university\summer2020\comp371\project\computergraphics\build\debug\labs.tlog\link.read.1.tlog
i:\university\summer2020\comp371\project\computergraphics\build\debug\labs.tlog\link.write.1.tlog
